Using pre-set license
Built from '2020.3/staging' branch; Version is '2020.3.6f1 (338bb68529b2) revision 3378102'; Using compiler version '192528614'; Build Type 'Release'
OS: 'Windows 10 Home; OS build 19042.1052; Version 2009; 64bit' Language: 'es' Physical Memory: 16235 MB
BatchMode: 1, IsHumanControllingUs: 0, StartBugReporterOnCrash: 0, Is64bit: 1, IsPro: 0

 COMMAND LINE ARGUMENTS:
C:\Program Files\Unity\Hub\Editor\2020.3.6f1\Editor\Unity.exe
-adb2
-batchMode
-noUpm
-name
AssetImportWorker0
-projectPath
D:/ISI/5tosemestre/ProyectoSistemas/AppUltiTourism/TourismApp/TourismAppProject
-logFile
Logs/AssetImportWorker0.log
-srvPort
62863
Successfully changed project path to: D:/ISI/5tosemestre/ProyectoSistemas/AppUltiTourism/TourismApp/TourismAppProject
D:/ISI/5tosemestre/ProyectoSistemas/AppUltiTourism/TourismApp/TourismAppProject
Using Asset Import Pipeline V2.
Refreshing native plugins compatible for Editor in 53.94 ms, found 1 plugins.
Preloading 0 native plugins for Editor in 0.00 ms.
Initialize engine version: 2020.3.6f1 (338bb68529b2)
[Subsystems] Discovering subsystems at path C:/Program Files/Unity/Hub/Editor/2020.3.6f1/Editor/Data/Resources/UnitySubsystems
[Subsystems] Discovering subsystems at path D:/ISI/5tosemestre/ProyectoSistemas/AppUltiTourism/TourismApp/TourismAppProject/Assets
GfxDevice: creating device client; threaded=0
Direct3D:
    Version:  Direct3D 11.0 [level 11.1]
    Renderer: NVIDIA GeForce GTX 1650 (ID=0x1f91)
    Vendor:   
    VRAM:     3962 MB
    Driver:   27.21.14.5655
Initialize mono
Mono path[0] = 'C:/Program Files/Unity/Hub/Editor/2020.3.6f1/Editor/Data/Managed'
Mono path[1] = 'C:/Program Files/Unity/Hub/Editor/2020.3.6f1/Editor/Data/MonoBleedingEdge/lib/mono/unityjit'
Mono config path = 'C:/Program Files/Unity/Hub/Editor/2020.3.6f1/Editor/Data/MonoBleedingEdge/etc'
Using monoOptions --debugger-agent=transport=dt_socket,embedding=1,server=y,suspend=n,address=127.0.0.1:56904
Begin MonoManager ReloadAssembly
Registering precompiled unity dll's ...
Register platform support module: C:/Program Files/Unity/Hub/Editor/2020.3.6f1/Editor/Data/PlaybackEngines/WindowsStandaloneSupport/UnityEditor.WindowsStandalone.Extensions.dll
Registered in 0.002409 seconds.
Native extension for WindowsStandalone target not found
Refreshing native plugins compatible for Editor in 42.60 ms, found 1 plugins.
Preloading 0 native plugins for Editor in 0.00 ms.
Mono: successfully reloaded assembly
- Completed reload, in  2.207 seconds
Platform modules already initialized, skipping
Registering precompiled user dll's ...
Registered in 0.001081 seconds.
Begin MonoManager ReloadAssembly
Native extension for WindowsStandalone target not found
Refreshing native plugins compatible for Editor in 0.31 ms, found 1 plugins.
Preloading 0 native plugins for Editor in 0.00 ms.
Mono: successfully reloaded assembly
- Completed reload, in  0.872 seconds
Platform modules already initialized, skipping
========================================================================
Worker process is ready to serve import requests
Launched and connected shader compiler UnityShaderCompiler.exe after 0.05 seconds
Refreshing native plugins compatible for Editor in 0.34 ms, found 1 plugins.
Preloading 0 native plugins for Editor in 0.00 ms.
Unloading 1260 Unused Serialized files (Serialized files now loaded: 0)
System memory in use before: 65.3 MB.
System memory in use after: 64.8 MB.

Unloading 34 unused Assets to reduce memory usage. Loaded Objects now: 1679.
Total: 2.328200 ms (FindLiveObjects: 0.240300 ms CreateObjectMapping: 0.074700 ms MarkObjects: 1.705900 ms  DeleteObjects: 0.305900 ms)

========================================================================
Received Import Request.
  path: Assets/Scenes/HomeScene/Home.unity
  artifactKey: Guid(85efce9b025b44c4fbfdd3469425e2eb) Importer(815301076,1909f56bfc062723c751e8b465ee728b)
Start importing Assets/Scenes/HomeScene/Home.unity using Guid(85efce9b025b44c4fbfdd3469425e2eb) Importer(815301076,1909f56bfc062723c751e8b465ee728b)  -> (artifact id: '8909dc8e9d5e20012a3a432d328320bf') in 0.022792 seconds
  Import took 0.025153 seconds .

========================================================================
Received Import Request.
  Time since last request: 1.948199 seconds.
  path: Assets/Scenes/HomeScene/Home.unity
  artifactKey: Guid(85efce9b025b44c4fbfdd3469425e2eb) Importer(815301076,1909f56bfc062723c751e8b465ee728b)
Start importing Assets/Scenes/HomeScene/Home.unity using Guid(85efce9b025b44c4fbfdd3469425e2eb) Importer(815301076,1909f56bfc062723c751e8b465ee728b)  -> (artifact id: '8909dc8e9d5e20012a3a432d328320bf') in 0.002381 seconds
  Import took 0.004348 seconds .

========================================================================
Received Prepare
Registering precompiled user dll's ...
Registered in 0.001247 seconds.
Begin MonoManager ReloadAssembly
Native extension for WindowsStandalone target not found
Refreshing native plugins compatible for Editor in 0.38 ms, found 1 plugins.
Preloading 0 native plugins for Editor in 0.00 ms.
Mono: successfully reloaded assembly
- Completed reload, in  1.015 seconds
Platform modules already initialized, skipping
Switching build target platform(5) subTarget(0) extendedPlatform(0) -> platform(13) subTarget(589824) extendedPlatform(0)
Refreshing native plugins compatible for Editor in 0.36 ms, found 1 plugins.
Preloading 0 native plugins for Editor in 0.00 ms.
Unloading 1247 Unused Serialized files (Serialized files now loaded: 0)
System memory in use before: 64.1 MB.
System memory in use after: 63.6 MB.

Unloading 29 unused Assets to reduce memory usage. Loaded Objects now: 1682.
Total: 2.274200 ms (FindLiveObjects: 0.147700 ms CreateObjectMapping: 0.045300 ms MarkObjects: 1.763000 ms  DeleteObjects: 0.316700 ms)

AssetImportParameters requested are different than current active one (requested -> active):
  custom:graphics/normal-map-encoding: 01000000000000000000000000000000 -> 02000000000000000000000000000000
========================================================================
Received Import Request.
  Time since last request: 393.992647 seconds.
  path: Assets/Scenes/LoginRegisterScenes/LoginScreen.unity
  artifactKey: Guid(9fc0d4010bbf28b4594072e72b8655ab) Importer(815301076,1909f56bfc062723c751e8b465ee728b)
Start importing Assets/Scenes/LoginRegisterScenes/LoginScreen.unity using Guid(9fc0d4010bbf28b4594072e72b8655ab) Importer(815301076,1909f56bfc062723c751e8b465ee728b)  -> (artifact id: 'a706e2b72ff1c93a7b4d1035688abb55') in 0.039829 seconds
  Import took 0.045666 seconds .

========================================================================
Received Import Request.
  Time since last request: 177.817817 seconds.
  path: Assets/Scripts/LoginRegisterScripts/LoginScript.cs
  artifactKey: Guid(44b9d140f70b57f48864bdf2757c047b) Importer(815301076,1909f56bfc062723c751e8b465ee728b)
Start importing Assets/Scripts/LoginRegisterScripts/LoginScript.cs using Guid(44b9d140f70b57f48864bdf2757c047b) Importer(815301076,1909f56bfc062723c751e8b465ee728b)  -> (artifact id: 'f5261c6bd3be7c8ae8f9e50dd80bb33a') in 0.033752 seconds
  Import took 0.036325 seconds .

========================================================================
Received Import Request.
  Time since last request: 0.018334 seconds.
  path: Assets/Scripts/LoginRegisterScripts/LoginScript.cs
  artifactKey: Guid(44b9d140f70b57f48864bdf2757c047b) Importer(815301076,1909f56bfc062723c751e8b465ee728b)
Start importing Assets/Scripts/LoginRegisterScripts/LoginScript.cs using Guid(44b9d140f70b57f48864bdf2757c047b) Importer(815301076,1909f56bfc062723c751e8b465ee728b)  -> (artifact id: 'f5261c6bd3be7c8ae8f9e50dd80bb33a') in 0.002906 seconds
  Import took 0.005335 seconds .

========================================================================
Received Prepare
Registering precompiled user dll's ...
Registered in 0.001056 seconds.
Begin MonoManager ReloadAssembly
Native extension for WindowsStandalone target not found
Refreshing native plugins compatible for Editor in 0.34 ms, found 1 plugins.
Preloading 0 native plugins for Editor in 0.00 ms.
Mono: successfully reloaded assembly
- Completed reload, in  0.912 seconds
Platform modules already initialized, skipping
Switching build target platform(5) subTarget(0) extendedPlatform(0) -> platform(13) subTarget(589824) extendedPlatform(0)
Refreshing native plugins compatible for Editor in 0.33 ms, found 1 plugins.
Preloading 0 native plugins for Editor in 0.00 ms.
Unloading 1247 Unused Serialized files (Serialized files now loaded: 0)
System memory in use before: 64.1 MB.
System memory in use after: 63.6 MB.

Unloading 29 unused Assets to reduce memory usage. Loaded Objects now: 1685.
Total: 2.225900 ms (FindLiveObjects: 0.155000 ms CreateObjectMapping: 0.042700 ms MarkObjects: 1.726000 ms  DeleteObjects: 0.300900 ms)

AssetImportParameters requested are different than current active one (requested -> active):
  custom:graphics/normal-map-encoding: 01000000000000000000000000000000 -> 02000000000000000000000000000000
========================================================================
Received Prepare
Registering precompiled user dll's ...
Registered in 0.001287 seconds.
Begin MonoManager ReloadAssembly
Native extension for WindowsStandalone target not found
Refreshing native plugins compatible for Editor in 0.42 ms, found 1 plugins.
Preloading 0 native plugins for Editor in 0.00 ms.
Mono: successfully reloaded assembly
- Completed reload, in  1.038 seconds
Platform modules already initialized, skipping
Switching build target platform(5) subTarget(0) extendedPlatform(0) -> platform(13) subTarget(589824) extendedPlatform(0)
Refreshing native plugins compatible for Editor in 0.39 ms, found 1 plugins.
Preloading 0 native plugins for Editor in 0.00 ms.
Unloading 1247 Unused Serialized files (Serialized files now loaded: 0)
System memory in use before: 64.1 MB.
System memory in use after: 63.7 MB.

Unloading 29 unused Assets to reduce memory usage. Loaded Objects now: 1688.
Total: 3.352800 ms (FindLiveObjects: 0.257000 ms CreateObjectMapping: 0.073800 ms MarkObjects: 2.556100 ms  DeleteObjects: 0.463800 ms)

AssetImportParameters requested are different than current active one (requested -> active):
  custom:graphics/normal-map-encoding: 01000000000000000000000000000000 -> 02000000000000000000000000000000
========================================================================
Received Prepare
Registering precompiled user dll's ...
Registered in 0.001140 seconds.
Begin MonoManager ReloadAssembly
Native extension for WindowsStandalone target not found
Refreshing native plugins compatible for Editor in 0.32 ms, found 1 plugins.
Preloading 0 native plugins for Editor in 0.00 ms.
Mono: successfully reloaded assembly
- Completed reload, in  0.925 seconds
Platform modules already initialized, skipping
Switching build target platform(5) subTarget(0) extendedPlatform(0) -> platform(13) subTarget(589824) extendedPlatform(0)
Refreshing native plugins compatible for Editor in 0.39 ms, found 1 plugins.
Preloading 0 native plugins for Editor in 0.00 ms.
Unloading 1247 Unused Serialized files (Serialized files now loaded: 0)
System memory in use before: 64.1 MB.
System memory in use after: 63.7 MB.

Unloading 29 unused Assets to reduce memory usage. Loaded Objects now: 1691.
Total: 2.201600 ms (FindLiveObjects: 0.149800 ms CreateObjectMapping: 0.060100 ms MarkObjects: 1.670700 ms  DeleteObjects: 0.319700 ms)

AssetImportParameters requested are different than current active one (requested -> active):
  custom:graphics/normal-map-encoding: 01000000000000000000000000000000 -> 02000000000000000000000000000000
========================================================================
Received Prepare
Registering precompiled user dll's ...
Registered in 0.001097 seconds.
Begin MonoManager ReloadAssembly
Native extension for WindowsStandalone target not found
Refreshing native plugins compatible for Editor in 0.35 ms, found 1 plugins.
Preloading 0 native plugins for Editor in 0.00 ms.
Mono: successfully reloaded assembly
- Completed reload, in  0.956 seconds
Platform modules already initialized, skipping
Switching build target platform(5) subTarget(0) extendedPlatform(0) -> platform(13) subTarget(589824) extendedPlatform(0)
Refreshing native plugins compatible for Editor in 0.36 ms, found 1 plugins.
Preloading 0 native plugins for Editor in 0.00 ms.
Unloading 1247 Unused Serialized files (Serialized files now loaded: 0)
System memory in use before: 64.2 MB.
System memory in use after: 63.7 MB.

Unloading 29 unused Assets to reduce memory usage. Loaded Objects now: 1694.
Total: 2.308200 ms (FindLiveObjects: 0.225900 ms CreateObjectMapping: 0.064100 ms MarkObjects: 1.664700 ms  DeleteObjects: 0.351800 ms)

AssetImportParameters requested are different than current active one (requested -> active):
  custom:graphics/normal-map-encoding: 01000000000000000000000000000000 -> 02000000000000000000000000000000
========================================================================
Received Import Request.
  Time since last request: 1587.901487 seconds.
  path: Assets/Scripts/HomeScripts/NavegateScript.cs
  artifactKey: Guid(556438346ed090f4bb52c07b21310fc9) Importer(815301076,1909f56bfc062723c751e8b465ee728b)
Start importing Assets/Scripts/HomeScripts/NavegateScript.cs using Guid(556438346ed090f4bb52c07b21310fc9) Importer(815301076,1909f56bfc062723c751e8b465ee728b)  -> (artifact id: 'b203315aa26277ec56510cddc76248b2') in 0.010509 seconds
  Import took 0.013629 seconds .

========================================================================
Received Import Request.
  Time since last request: 6.177094 seconds.
  path: Assets/Scripts/HomeScripts/ScoreButtonScript.cs
  artifactKey: Guid(d831a232a0a4f8744800ab81d5026fca) Importer(815301076,1909f56bfc062723c751e8b465ee728b)
Start importing Assets/Scripts/HomeScripts/ScoreButtonScript.cs using Guid(d831a232a0a4f8744800ab81d5026fca) Importer(815301076,1909f56bfc062723c751e8b465ee728b)  -> (artifact id: 'f6363e6a8ab093a040404e2a73ae12e4') in 0.011287 seconds
  Import took 0.014327 seconds .

========================================================================
Received Prepare
Registering precompiled user dll's ...
Registered in 0.001112 seconds.
Begin MonoManager ReloadAssembly
Native extension for WindowsStandalone target not found
Refreshing native plugins compatible for Editor in 0.38 ms, found 1 plugins.
Preloading 0 native plugins for Editor in 0.00 ms.
Mono: successfully reloaded assembly
- Completed reload, in  0.976 seconds
Platform modules already initialized, skipping
Switching build target platform(5) subTarget(0) extendedPlatform(0) -> platform(13) subTarget(589824) extendedPlatform(0)
Refreshing native plugins compatible for Editor in 0.64 ms, found 1 plugins.
Preloading 0 native plugins for Editor in 0.00 ms.
Unloading 1247 Unused Serialized files (Serialized files now loaded: 0)
System memory in use before: 64.1 MB.
System memory in use after: 63.7 MB.

Unloading 29 unused Assets to reduce memory usage. Loaded Objects now: 1697.
Total: 2.152300 ms (FindLiveObjects: 0.150900 ms CreateObjectMapping: 0.042500 ms MarkObjects: 1.642300 ms  DeleteObjects: 0.315600 ms)

AssetImportParameters requested are different than current active one (requested -> active):
  custom:graphics/normal-map-encoding: 01000000000000000000000000000000 -> 02000000000000000000000000000000
========================================================================
Received Import Request.
  Time since last request: 442.445153 seconds.
  path: Assets/Scripts/HomeScripts/NavegateScript.cs
  artifactKey: Guid(556438346ed090f4bb52c07b21310fc9) Importer(815301076,1909f56bfc062723c751e8b465ee728b)
Start importing Assets/Scripts/HomeScripts/NavegateScript.cs using Guid(556438346ed090f4bb52c07b21310fc9) Importer(815301076,1909f56bfc062723c751e8b465ee728b)  -> (artifact id: 'c81655882969387acd2827c9f9a9d14e') in 0.005759 seconds
  Import took 0.007961 seconds .

========================================================================
Received Prepare
Registering precompiled user dll's ...
Registered in 0.001145 seconds.
Begin MonoManager ReloadAssembly
Native extension for WindowsStandalone target not found
Refreshing native plugins compatible for Editor in 0.38 ms, found 1 plugins.
Preloading 0 native plugins for Editor in 0.00 ms.
Mono: successfully reloaded assembly
- Completed reload, in  1.104 seconds
Platform modules already initialized, skipping
Switching build target platform(5) subTarget(0) extendedPlatform(0) -> platform(13) subTarget(589824) extendedPlatform(0)
Refreshing native plugins compatible for Editor in 0.41 ms, found 1 plugins.
Preloading 0 native plugins for Editor in 0.00 ms.
Unloading 1247 Unused Serialized files (Serialized files now loaded: 0)
System memory in use before: 64.1 MB.
System memory in use after: 63.7 MB.

Unloading 29 unused Assets to reduce memory usage. Loaded Objects now: 1700.
Total: 3.249100 ms (FindLiveObjects: 0.272200 ms CreateObjectMapping: 0.087000 ms MarkObjects: 2.413300 ms  DeleteObjects: 0.474900 ms)

AssetImportParameters requested are different than current active one (requested -> active):
  custom:graphics/normal-map-encoding: 01000000000000000000000000000000 -> 02000000000000000000000000000000
========================================================================
Received Import Request.
  Time since last request: 1241.334685 seconds.
  path: Assets/Scenes/MenuScenes/Menu2.unity
  artifactKey: Guid(12bedc45bf371a44688e9e9c203ebf90) Importer(815301076,1909f56bfc062723c751e8b465ee728b)
Start importing Assets/Scenes/MenuScenes/Menu2.unity using Guid(12bedc45bf371a44688e9e9c203ebf90) Importer(815301076,1909f56bfc062723c751e8b465ee728b)  -> (artifact id: '8ac755a95587e273f8fc510f0fb84129') in 0.047684 seconds
  Import took 0.054015 seconds .

========================================================================
Received Import Request.
  Time since last request: 1.704103 seconds.
  path: Assets/Scenes/MenuScenes/Menu3.unity
  artifactKey: Guid(47138b6afca03ec4f87ad2a4eb19627d) Importer(815301076,1909f56bfc062723c751e8b465ee728b)
Start importing Assets/Scenes/MenuScenes/Menu3.unity using Guid(47138b6afca03ec4f87ad2a4eb19627d) Importer(815301076,1909f56bfc062723c751e8b465ee728b)  -> (artifact id: '161c61de4aa81ff09c65b8048b3ff161') in 0.015278 seconds
  Import took 0.019988 seconds .

========================================================================
Received Import Request.
  Time since last request: 0.001057 seconds.
  path: Assets/Scenes/MenuScenes/Menu3.unity
  artifactKey: Guid(47138b6afca03ec4f87ad2a4eb19627d) Importer(815301076,1909f56bfc062723c751e8b465ee728b)
Start importing Assets/Scenes/MenuScenes/Menu3.unity using Guid(47138b6afca03ec4f87ad2a4eb19627d) Importer(815301076,1909f56bfc062723c751e8b465ee728b)  -> (artifact id: '161c61de4aa81ff09c65b8048b3ff161') in 0.006075 seconds
  Import took 0.010697 seconds .

========================================================================
Received Prepare
Registering precompiled user dll's ...
Registered in 0.001720 seconds.
Begin MonoManager ReloadAssembly
Native extension for WindowsStandalone target not found
Refreshing native plugins compatible for Editor in 0.36 ms, found 1 plugins.
Preloading 0 native plugins for Editor in 0.00 ms.
Mono: successfully reloaded assembly
- Completed reload, in  0.892 seconds
Platform modules already initialized, skipping
Switching build target platform(5) subTarget(0) extendedPlatform(0) -> platform(13) subTarget(589824) extendedPlatform(0)
Refreshing native plugins compatible for Editor in 0.38 ms, found 1 plugins.
Preloading 0 native plugins for Editor in 0.00 ms.
Unloading 1247 Unused Serialized files (Serialized files now loaded: 0)
System memory in use before: 64.2 MB.
System memory in use after: 63.7 MB.

Unloading 29 unused Assets to reduce memory usage. Loaded Objects now: 1703.
Total: 2.429800 ms (FindLiveObjects: 0.260300 ms CreateObjectMapping: 0.059900 ms MarkObjects: 1.783000 ms  DeleteObjects: 0.325200 ms)

AssetImportParameters requested are different than current active one (requested -> active):
  custom:graphics/normal-map-encoding: 01000000000000000000000000000000 -> 02000000000000000000000000000000
========================================================================
Received Import Request.
  Time since last request: 1198.481455 seconds.
  path: Assets/Scenes/HomeScene/Home.unity
  artifactKey: Guid(85efce9b025b44c4fbfdd3469425e2eb) Importer(815301076,1909f56bfc062723c751e8b465ee728b)
Start importing Assets/Scenes/HomeScene/Home.unity using Guid(85efce9b025b44c4fbfdd3469425e2eb) Importer(815301076,1909f56bfc062723c751e8b465ee728b)  -> (artifact id: 'f68c79f26f996285b463bc5ea0ca6d4f') in 0.039961 seconds
  Import took 0.046395 seconds .

========================================================================
Received Import Request.
  Time since last request: 0.001476 seconds.
  path: Assets/Scenes/HomeScene/Home.unity
  artifactKey: Guid(85efce9b025b44c4fbfdd3469425e2eb) Importer(815301076,1909f56bfc062723c751e8b465ee728b)
Start importing Assets/Scenes/HomeScene/Home.unity using Guid(85efce9b025b44c4fbfdd3469425e2eb) Importer(815301076,1909f56bfc062723c751e8b465ee728b)  -> (artifact id: 'f68c79f26f996285b463bc5ea0ca6d4f') in 0.004587 seconds
  Import took 0.008193 seconds .

========================================================================
Received Prepare
Refreshing native plugins compatible for Editor in 4.33 ms, found 1 plugins.
Preloading 0 native plugins for Editor in 0.00 ms.
Unloading 32 Unused Serialized files (Serialized files now loaded: 0)
System memory in use before: 40.0 MB.
System memory in use after: 39.6 MB.

Unloading 32 unused Assets to reduce memory usage. Loaded Objects now: 1703.
Total: 3.362900 ms (FindLiveObjects: 0.208300 ms CreateObjectMapping: 0.080700 ms MarkObjects: 2.662600 ms  DeleteObjects: 0.409800 ms)

========================================================================
Received Prepare
Registering precompiled user dll's ...
Registered in 0.001169 seconds.
Begin MonoManager ReloadAssembly
Native extension for WindowsStandalone target not found
Refreshing native plugins compatible for Editor in 0.41 ms, found 1 plugins.
Preloading 0 native plugins for Editor in 0.00 ms.
Mono: successfully reloaded assembly
- Completed reload, in  1.046 seconds
Platform modules already initialized, skipping
Switching build target platform(5) subTarget(0) extendedPlatform(0) -> platform(13) subTarget(589824) extendedPlatform(0)
Refreshing native plugins compatible for Editor in 0.36 ms, found 1 plugins.
Preloading 0 native plugins for Editor in 0.00 ms.
Unloading 1247 Unused Serialized files (Serialized files now loaded: 0)
System memory in use before: 64.3 MB.
System memory in use after: 63.8 MB.

Unloading 29 unused Assets to reduce memory usage. Loaded Objects now: 1706.
Total: 2.437100 ms (FindLiveObjects: 0.154000 ms CreateObjectMapping: 0.049100 ms MarkObjects: 1.914600 ms  DeleteObjects: 0.318100 ms)

AssetImportParameters requested are different than current active one (requested -> active):
  custom:graphics/normal-map-encoding: 01000000000000000000000000000000 -> 02000000000000000000000000000000
========================================================================
Received Prepare
Registering precompiled user dll's ...
Registered in 0.001110 seconds.
Begin MonoManager ReloadAssembly
Native extension for WindowsStandalone target not found
Refreshing native plugins compatible for Editor in 0.37 ms, found 1 plugins.
Preloading 0 native plugins for Editor in 0.00 ms.
Mono: successfully reloaded assembly
- Completed reload, in  1.037 seconds
Platform modules already initialized, skipping
Switching build target platform(5) subTarget(0) extendedPlatform(0) -> platform(13) subTarget(589824) extendedPlatform(0)
Refreshing native plugins compatible for Editor in 0.37 ms, found 1 plugins.
Preloading 0 native plugins for Editor in 0.00 ms.
Unloading 1247 Unused Serialized files (Serialized files now loaded: 0)
System memory in use before: 64.2 MB.
System memory in use after: 63.8 MB.

Unloading 29 unused Assets to reduce memory usage. Loaded Objects now: 1709.
Total: 2.322600 ms (FindLiveObjects: 0.261100 ms CreateObjectMapping: 0.073000 ms MarkObjects: 1.672700 ms  DeleteObjects: 0.314000 ms)

AssetImportParameters requested are different than current active one (requested -> active):
  custom:graphics/normal-map-encoding: 01000000000000000000000000000000 -> 02000000000000000000000000000000
========================================================================
Received Prepare
Registering precompiled user dll's ...
Registered in 0.001162 seconds.
Begin MonoManager ReloadAssembly
Native extension for WindowsStandalone target not found
Refreshing native plugins compatible for Editor in 0.35 ms, found 1 plugins.
Preloading 0 native plugins for Editor in 0.00 ms.
Mono: successfully reloaded assembly
- Completed reload, in  1.058 seconds
Platform modules already initialized, skipping
Switching build target platform(5) subTarget(0) extendedPlatform(0) -> platform(13) subTarget(589824) extendedPlatform(0)
Refreshing native plugins compatible for Editor in 0.36 ms, found 1 plugins.
Preloading 0 native plugins for Editor in 0.00 ms.
Unloading 1247 Unused Serialized files (Serialized files now loaded: 0)
System memory in use before: 64.2 MB.
System memory in use after: 63.8 MB.

Unloading 29 unused Assets to reduce memory usage. Loaded Objects now: 1712.
Total: 2.232700 ms (FindLiveObjects: 0.206900 ms CreateObjectMapping: 0.071200 ms MarkObjects: 1.637600 ms  DeleteObjects: 0.316000 ms)

AssetImportParameters requested are different than current active one (requested -> active):
  custom:graphics/normal-map-encoding: 01000000000000000000000000000000 -> 02000000000000000000000000000000
========================================================================
Received Import Request.
  Time since last request: 2956.595709 seconds.
  path: Assets/Scripts/HomeScripts/NavegateScript.cs
  artifactKey: Guid(556438346ed090f4bb52c07b21310fc9) Importer(815301076,1909f56bfc062723c751e8b465ee728b)
Start importing Assets/Scripts/HomeScripts/NavegateScript.cs using Guid(556438346ed090f4bb52c07b21310fc9) Importer(815301076,1909f56bfc062723c751e8b465ee728b)  -> (artifact id: '015b94cd86de76bdfad1db935b653502') in 0.011872 seconds
  Import took 0.015145 seconds .

========================================================================
Received Import Request.
  Time since last request: 0.030238 seconds.
  path: Assets/Scripts/HomeScripts/NavegateScript.cs
  artifactKey: Guid(556438346ed090f4bb52c07b21310fc9) Importer(815301076,1909f56bfc062723c751e8b465ee728b)
Start importing Assets/Scripts/HomeScripts/NavegateScript.cs using Guid(556438346ed090f4bb52c07b21310fc9) Importer(815301076,1909f56bfc062723c751e8b465ee728b)  -> (artifact id: '015b94cd86de76bdfad1db935b653502') in 0.010915 seconds
  Import took 0.013254 seconds .

========================================================================
Received Prepare
Registering precompiled user dll's ...
Registered in 0.001081 seconds.
Begin MonoManager ReloadAssembly
Native extension for WindowsStandalone target not found
Refreshing native plugins compatible for Editor in 0.72 ms, found 1 plugins.
Preloading 0 native plugins for Editor in 0.00 ms.
Mono: successfully reloaded assembly
- Completed reload, in  1.062 seconds
Platform modules already initialized, skipping
Switching build target platform(5) subTarget(0) extendedPlatform(0) -> platform(13) subTarget(589824) extendedPlatform(0)
Refreshing native plugins compatible for Editor in 0.35 ms, found 1 plugins.
Preloading 0 native plugins for Editor in 0.00 ms.
Unloading 1247 Unused Serialized files (Serialized files now loaded: 0)
System memory in use before: 64.2 MB.
System memory in use after: 63.8 MB.

Unloading 29 unused Assets to reduce memory usage. Loaded Objects now: 1715.
Total: 2.667800 ms (FindLiveObjects: 0.205100 ms CreateObjectMapping: 0.057900 ms MarkObjects: 2.083100 ms  DeleteObjects: 0.320700 ms)

AssetImportParameters requested are different than current active one (requested -> active):
  custom:graphics/normal-map-encoding: 01000000000000000000000000000000 -> 02000000000000000000000000000000
========================================================================
Received Import Request.
  Time since last request: 87.758246 seconds.
  path: Assets/Scripts/HomeScripts/NavegateScript.cs
  artifactKey: Guid(556438346ed090f4bb52c07b21310fc9) Importer(815301076,1909f56bfc062723c751e8b465ee728b)
Start importing Assets/Scripts/HomeScripts/NavegateScript.cs using Guid(556438346ed090f4bb52c07b21310fc9) Importer(815301076,1909f56bfc062723c751e8b465ee728b)  -> (artifact id: '405eabc8039dae823f7c0411073a93e6') in 0.010885 seconds
  Import took 0.013160 seconds .

========================================================================
Received Prepare
Registering precompiled user dll's ...
Registered in 0.001489 seconds.
Begin MonoManager ReloadAssembly
Native extension for WindowsStandalone target not found
Refreshing native plugins compatible for Editor in 0.38 ms, found 1 plugins.
Preloading 0 native plugins for Editor in 0.00 ms.
Mono: successfully reloaded assembly
- Completed reload, in  1.102 seconds
Platform modules already initialized, skipping
Switching build target platform(5) subTarget(0) extendedPlatform(0) -> platform(13) subTarget(589824) extendedPlatform(0)
Refreshing native plugins compatible for Editor in 0.41 ms, found 1 plugins.
Preloading 0 native plugins for Editor in 0.00 ms.
Unloading 1247 Unused Serialized files (Serialized files now loaded: 0)
System memory in use before: 64.3 MB.
System memory in use after: 63.8 MB.

Unloading 29 unused Assets to reduce memory usage. Loaded Objects now: 1718.
Total: 2.411000 ms (FindLiveObjects: 0.161600 ms CreateObjectMapping: 0.052800 ms MarkObjects: 1.830900 ms  DeleteObjects: 0.363900 ms)

AssetImportParameters requested are different than current active one (requested -> active):
  custom:graphics/normal-map-encoding: 01000000000000000000000000000000 -> 02000000000000000000000000000000
========================================================================
Received Import Request.
  Time since last request: 187.017083 seconds.
  path: Assets/Scripts/Audio.cs
  artifactKey: Guid(1cd24588ec31f3b49a5b809522f87ffd) Importer(815301076,1909f56bfc062723c751e8b465ee728b)
Start importing Assets/Scripts/Audio.cs using Guid(1cd24588ec31f3b49a5b809522f87ffd) Importer(815301076,1909f56bfc062723c751e8b465ee728b)  -> (artifact id: 'dc4cb0bdab1832377acdf02d464c24d8') in 0.010670 seconds
  Import took 0.013376 seconds .

========================================================================
Received Import Request.
  Time since last request: 0.042527 seconds.
  path: Assets/Scripts/Audio.cs
  artifactKey: Guid(1cd24588ec31f3b49a5b809522f87ffd) Importer(815301076,1909f56bfc062723c751e8b465ee728b)
Start importing Assets/Scripts/Audio.cs using Guid(1cd24588ec31f3b49a5b809522f87ffd) Importer(815301076,1909f56bfc062723c751e8b465ee728b)  -> (artifact id: 'dc4cb0bdab1832377acdf02d464c24d8') in 0.002846 seconds
  Import took 0.005257 seconds .

========================================================================
Received Prepare
Registering precompiled user dll's ...
Registered in 0.001369 seconds.
Begin MonoManager ReloadAssembly
Native extension for WindowsStandalone target not found
Refreshing native plugins compatible for Editor in 0.37 ms, found 1 plugins.
Preloading 0 native plugins for Editor in 0.00 ms.
Mono: successfully reloaded assembly
- Completed reload, in  1.083 seconds
Platform modules already initialized, skipping
Switching build target platform(5) subTarget(0) extendedPlatform(0) -> platform(13) subTarget(589824) extendedPlatform(0)
Refreshing native plugins compatible for Editor in 0.36 ms, found 1 plugins.
Preloading 0 native plugins for Editor in 0.00 ms.
Unloading 1247 Unused Serialized files (Serialized files now loaded: 0)
System memory in use before: 64.3 MB.
System memory in use after: 63.8 MB.

Unloading 29 unused Assets to reduce memory usage. Loaded Objects now: 1721.
Total: 2.429000 ms (FindLiveObjects: 0.168400 ms CreateObjectMapping: 0.051500 ms MarkObjects: 1.812800 ms  DeleteObjects: 0.391600 ms)

AssetImportParameters requested are different than current active one (requested -> active):
  custom:graphics/normal-map-encoding: 01000000000000000000000000000000 -> 02000000000000000000000000000000
========================================================================
Received Prepare
Registering precompiled user dll's ...
Registered in 0.001163 seconds.
Begin MonoManager ReloadAssembly
Native extension for WindowsStandalone target not found
Refreshing native plugins compatible for Editor in 0.69 ms, found 1 plugins.
Preloading 0 native plugins for Editor in 0.00 ms.
Mono: successfully reloaded assembly
- Completed reload, in  1.230 seconds
Platform modules already initialized, skipping
Switching build target platform(5) subTarget(0) extendedPlatform(0) -> platform(13) subTarget(589824) extendedPlatform(0)
Refreshing native plugins compatible for Editor in 0.37 ms, found 1 plugins.
Preloading 0 native plugins for Editor in 0.00 ms.
Unloading 1247 Unused Serialized files (Serialized files now loaded: 0)
System memory in use before: 64.3 MB.
System memory in use after: 63.8 MB.

Unloading 29 unused Assets to reduce memory usage. Loaded Objects now: 1724.
Total: 2.884000 ms (FindLiveObjects: 0.271600 ms CreateObjectMapping: 0.075100 ms MarkObjects: 2.173300 ms  DeleteObjects: 0.361600 ms)

AssetImportParameters requested are different than current active one (requested -> active):
  custom:graphics/normal-map-encoding: 01000000000000000000000000000000 -> 02000000000000000000000000000000
========================================================================
Received Prepare
Registering precompiled user dll's ...
Registered in 0.001130 seconds.
Begin MonoManager ReloadAssembly
Native extension for WindowsStandalone target not found
Refreshing native plugins compatible for Editor in 0.40 ms, found 1 plugins.
Preloading 0 native plugins for Editor in 0.00 ms.
Mono: successfully reloaded assembly
- Completed reload, in  1.155 seconds
Platform modules already initialized, skipping
Switching build target platform(5) subTarget(0) extendedPlatform(0) -> platform(13) subTarget(589824) extendedPlatform(0)
Refreshing native plugins compatible for Editor in 0.41 ms, found 1 plugins.
Preloading 0 native plugins for Editor in 0.00 ms.
Unloading 1247 Unused Serialized files (Serialized files now loaded: 0)
System memory in use before: 64.3 MB.
System memory in use after: 63.8 MB.

Unloading 29 unused Assets to reduce memory usage. Loaded Objects now: 1727.
Total: 2.313700 ms (FindLiveObjects: 0.154300 ms CreateObjectMapping: 0.049400 ms MarkObjects: 1.765800 ms  DeleteObjects: 0.342600 ms)

AssetImportParameters requested are different than current active one (requested -> active):
  custom:graphics/normal-map-encoding: 01000000000000000000000000000000 -> 02000000000000000000000000000000
========================================================================
Received Import Request.
  Time since last request: 1891.878940 seconds.
  path: Assets/Scripts/LoginRegisterScripts/LoginScript.cs
  artifactKey: Guid(44b9d140f70b57f48864bdf2757c047b) Importer(815301076,1909f56bfc062723c751e8b465ee728b)
Start importing Assets/Scripts/LoginRegisterScripts/LoginScript.cs using Guid(44b9d140f70b57f48864bdf2757c047b) Importer(815301076,1909f56bfc062723c751e8b465ee728b)  -> (artifact id: 'a1efa86c9925d416a53e6f1dbf72c6d6') in 0.004764 seconds
  Import took 0.006988 seconds .

========================================================================
Received Prepare
Registering precompiled user dll's ...
Registered in 0.001300 seconds.
Begin MonoManager ReloadAssembly
Native extension for WindowsStandalone target not found
Refreshing native plugins compatible for Editor in 0.38 ms, found 1 plugins.
Preloading 0 native plugins for Editor in 0.00 ms.
Mono: successfully reloaded assembly
- Completed reload, in  1.155 seconds
Platform modules already initialized, skipping
Switching build target platform(5) subTarget(0) extendedPlatform(0) -> platform(13) subTarget(589824) extendedPlatform(0)
Refreshing native plugins compatible for Editor in 0.37 ms, found 1 plugins.
Preloading 0 native plugins for Editor in 0.00 ms.
Unloading 1247 Unused Serialized files (Serialized files now loaded: 0)
System memory in use before: 64.3 MB.
System memory in use after: 63.8 MB.

Unloading 29 unused Assets to reduce memory usage. Loaded Objects now: 1730.
Total: 2.388300 ms (FindLiveObjects: 0.148100 ms CreateObjectMapping: 0.045600 ms MarkObjects: 1.853500 ms  DeleteObjects: 0.339300 ms)

AssetImportParameters requested are different than current active one (requested -> active):
  custom:graphics/normal-map-encoding: 01000000000000000000000000000000 -> 02000000000000000000000000000000
AssetImportWorkerClient::OnTransportError - code=2 error=End of file
