Using pre-set license
Built from '2020.3/staging' branch; Version is '2020.3.6f1 (338bb68529b2) revision 3378102'; Using compiler version '192528614'; Build Type 'Release'
OS: 'Windows 10 Pro; OS build 19042.1288; Version 2009; 64bit' Language: 'es' Physical Memory: 8130 MB
BatchMode: 1, IsHumanControllingUs: 0, StartBugReporterOnCrash: 0, Is64bit: 1, IsPro: 0

 COMMAND LINE ARGUMENTS:
C:\Program Files\Unity\Hub\Editor\2020.3.6f1\Editor\Unity.exe
-adb2
-batchMode
-noUpm
-name
AssetImportWorker0
-projectPath
C:/Users/Cibersys/Desktop/Univalle 2021- segundo semestre/Proyecto de Sistemas 3/Proyecto RA/2021-RA-Tourism/TourismAppProject
-logFile
Logs/AssetImportWorker0.log
-srvPort
49841
Successfully changed project path to: C:/Users/Cibersys/Desktop/Univalle 2021- segundo semestre/Proyecto de Sistemas 3/Proyecto RA/2021-RA-Tourism/TourismAppProject
C:/Users/Cibersys/Desktop/Univalle 2021- segundo semestre/Proyecto de Sistemas 3/Proyecto RA/2021-RA-Tourism/TourismAppProject
Using Asset Import Pipeline V2.
Refreshing native plugins compatible for Editor in 27.92 ms, found 1 plugins.
Preloading 0 native plugins for Editor in 0.00 ms.
Initialize engine version: 2020.3.6f1 (338bb68529b2)
[Subsystems] Discovering subsystems at path C:/Program Files/Unity/Hub/Editor/2020.3.6f1/Editor/Data/Resources/UnitySubsystems
[Subsystems] Discovering subsystems at path C:/Users/Cibersys/Desktop/Univalle 2021- segundo semestre/Proyecto de Sistemas 3/Proyecto RA/2021-RA-Tourism/TourismAppProject/Assets
GfxDevice: creating device client; threaded=0
Direct3D:
    Version:  Direct3D 11.0 [level 11.1]
    Renderer: NVIDIA GeForce GTX 1650 (ID=0x2188)
    Vendor:   
    VRAM:     3962 MB
    Driver:   30.0.14.7212
Initialize mono
Mono path[0] = 'C:/Program Files/Unity/Hub/Editor/2020.3.6f1/Editor/Data/Managed'
Mono path[1] = 'C:/Program Files/Unity/Hub/Editor/2020.3.6f1/Editor/Data/MonoBleedingEdge/lib/mono/unityjit'
Mono config path = 'C:/Program Files/Unity/Hub/Editor/2020.3.6f1/Editor/Data/MonoBleedingEdge/etc'
Using monoOptions --debugger-agent=transport=dt_socket,embedding=1,server=y,suspend=n,address=127.0.0.1:56840
Begin MonoManager ReloadAssembly
Registering precompiled unity dll's ...
Register platform support module: C:/Program Files/Unity/Hub/Editor/2020.3.6f1/Editor/Data/PlaybackEngines/WindowsStandaloneSupport/UnityEditor.WindowsStandalone.Extensions.dll
Registered in 0.001753 seconds.
Native extension for WindowsStandalone target not found
Refreshing native plugins compatible for Editor in 25.14 ms, found 1 plugins.
Preloading 0 native plugins for Editor in 0.00 ms.
Mono: successfully reloaded assembly
- Completed reload, in  1.525 seconds
Platform modules already initialized, skipping
Registering precompiled user dll's ...
Registered in 0.000986 seconds.
Begin MonoManager ReloadAssembly
Native extension for WindowsStandalone target not found
Refreshing native plugins compatible for Editor in 0.30 ms, found 1 plugins.
Preloading 0 native plugins for Editor in 0.00 ms.
Mono: successfully reloaded assembly
- Completed reload, in  0.730 seconds
Platform modules already initialized, skipping
========================================================================
Worker process is ready to serve import requests
Launched and connected shader compiler UnityShaderCompiler.exe after 0.03 seconds
Refreshing native plugins compatible for Editor in 0.30 ms, found 1 plugins.
Preloading 0 native plugins for Editor in 0.00 ms.
Unloading 1260 Unused Serialized files (Serialized files now loaded: 0)
System memory in use before: 65.5 MB.
System memory in use after: 65.2 MB.

Unloading 32 unused Assets to reduce memory usage. Loaded Objects now: 1681.
Total: 2.039100 ms (FindLiveObjects: 0.330000 ms CreateObjectMapping: 0.098800 ms MarkObjects: 1.403800 ms  DeleteObjects: 0.205400 ms)

========================================================================
Received Import Request.
  path: Assets/Icons/audio.png
  artifactKey: Guid(22fa5a7a9780550479dc30b87f14f302) Importer(815301076,1909f56bfc062723c751e8b465ee728b)
Start importing Assets/Icons/audio.png using Guid(22fa5a7a9780550479dc30b87f14f302) Importer(815301076,1909f56bfc062723c751e8b465ee728b)  -> (artifact id: 'ba3d77025193ff8bc833f985bad0e110') in 0.090269 seconds
  Import took 0.092145 seconds .

========================================================================
Received Import Request.
  Time since last request: 0.000209 seconds.
  path: Assets/Icons/play.png
  artifactKey: Guid(e4c69e013d89a3742bf253af93f0993b) Importer(815301076,1909f56bfc062723c751e8b465ee728b)
Start importing Assets/Icons/play.png using Guid(e4c69e013d89a3742bf253af93f0993b) Importer(815301076,1909f56bfc062723c751e8b465ee728b)  -> (artifact id: 'fb18d5f5d65b4ca956690122f206b3eb') in 0.007108 seconds
  Import took 0.009021 seconds .

========================================================================
Received Import Request.
  Time since last request: 0.000205 seconds.
  path: Assets/Icons/stop.png
  artifactKey: Guid(dbc1c6351d05fd346bc6d6b7c4f5c786) Importer(815301076,1909f56bfc062723c751e8b465ee728b)
Start importing Assets/Icons/stop.png using Guid(dbc1c6351d05fd346bc6d6b7c4f5c786) Importer(815301076,1909f56bfc062723c751e8b465ee728b)  -> (artifact id: 'e4c1b0a133f2bb410f908aef7de7d61f') in 0.020271 seconds
  Import took 0.022226 seconds .

========================================================================
Received Prepare
Registering precompiled user dll's ...
Registered in 0.001242 seconds.
Begin MonoManager ReloadAssembly
Native extension for WindowsStandalone target not found
Refreshing native plugins compatible for Editor in 0.51 ms, found 1 plugins.
Preloading 0 native plugins for Editor in 0.00 ms.
Mono: successfully reloaded assembly
- Completed reload, in  0.745 seconds
Platform modules already initialized, skipping
Switching build target platform(5) subTarget(0) extendedPlatform(0) -> platform(13) subTarget(589824) extendedPlatform(0)
Refreshing native plugins compatible for Editor in 0.40 ms, found 1 plugins.
Preloading 0 native plugins for Editor in 0.00 ms.
Unloading 1311 Unused Serialized files (Serialized files now loaded: 0)
System memory in use before: 70.6 MB.
System memory in use after: 70.2 MB.

Unloading 37 unused Assets to reduce memory usage. Loaded Objects now: 1748.
Total: 1.812500 ms (FindLiveObjects: 0.126400 ms CreateObjectMapping: 0.037600 ms MarkObjects: 1.402200 ms  DeleteObjects: 0.245500 ms)

AssetImportParameters requested are different than current active one (requested -> active):
  custom:graphics/normal-map-encoding: 01000000000000000000000000000000 -> 02000000000000000000000000000000
AssetImportWorkerClient::OnTransportError - code=2 error=End of file
